<?xml version="1.0" encoding="UTF-8"?>
<coverage generated="1702277011980" clover="3.2.0">
  <project timestamp="1702277011980" name="All files">
    <metrics statements="10" coveredstatements="7" conditionals="6" coveredconditionals="4" methods="3" coveredmethods="3" elements="19" coveredelements="14" complexity="0" loc="10" ncloc="10" packages="1" files="1" classes="1"/>
    <file name="newFile.ts" path="F:\Semester5_Aug21-Jan\Software Quality Engineering\Assignments\Project\FinalCode\Code-Coverage-And-Test-Generation-Tool\backend\uploads\newFile.ts">
      <metrics statements="10" coveredstatements="7" conditionals="6" coveredconditionals="4" methods="3" coveredmethods="3"/>
      <line num="2" count="4" type="cond" truecount="1" falsecount="0"/>
      <line num="3" count="4" type="stmt"/>
      <line num="5" count="0" type="stmt"/>
      <line num="9" count="2" type="cond" truecount="2" falsecount="2"/>
      <line num="10" count="0" type="stmt"/>
      <line num="11" count="2" type="cond" truecount="1" falsecount="0"/>
      <line num="12" count="2" type="stmt"/>
      <line num="14" count="0" type="stmt"/>
      <line num="18" count="2" type="stmt"/>
      <line num="21" count="1" type="stmt"/>
    </file>
  </project>
</coverage>
