<?xml version="1.0" encoding="UTF-8"?>
<coverage generated="1701606374577" clover="3.2.0">
  <project timestamp="1701606374578" name="All files">
    <metrics statements="9" coveredstatements="6" conditionals="6" coveredconditionals="4" methods="2" coveredmethods="2" elements="17" coveredelements="12" complexity="0" loc="9" ncloc="9" packages="1" files="1" classes="1"/>
    <file name="myFile.ts" path="C:\Users\hp\Desktop\Code-Coverage-And-Test-Generation-Tool-ParserAndTestCaseGeneratorCombo\Code-Coverage-And-Test-Generation-Tool-ParserAndTestCaseGeneratorCombo\backend\myFile.ts">
      <metrics statements="9" coveredstatements="6" conditionals="6" coveredconditionals="4" methods="2" coveredmethods="2"/>
      <line num="2" count="4" type="cond" truecount="1" falsecount="0"/>
      <line num="3" count="4" type="stmt"/>
      <line num="5" count="0" type="stmt"/>
      <line num="9" count="16" type="cond" truecount="2" falsecount="2"/>
      <line num="10" count="0" type="stmt"/>
      <line num="11" count="16" type="cond" truecount="1" falsecount="0"/>
      <line num="12" count="16" type="stmt"/>
      <line num="14" count="0" type="stmt"/>
      <line num="17" count="1" type="stmt"/>
    </file>
  </project>
</coverage>
