{"C:\\Users\\hp\\Desktop\\Code-Coverage-And-Test-Generation-Tool-ParserAndTestCaseGeneratorCombo\\Code-Coverage-And-Test-Generation-Tool-ParserAndTestCaseGeneratorCombo\\backend\\myFile.ts": {"path":"C:\\Users\\hp\\Desktop\\Code-Coverage-And-Test-Generation-Tool-ParserAndTestCaseGeneratorCombo\\Code-Coverage-And-Test-Generation-Tool-ParserAndTestCaseGeneratorCombo\\backend\\myFile.ts","statementMap":{"0":{"start":{"line":2,"column":2},"end":{"line":4,"column":3}},"1":{"start":{"line":3,"column":4},"end":{"line":3,"column":17}},"2":{"start":{"line":5,"column":2},"end":{"line":5,"column":11}},"3":{"start":{"line":17,"column":9},"end":{"line":17,"column":12}},"4":{"start":{"line":9,"column":2},"end":{"line":13,"column":3}},"5":{"start":{"line":10,"column":4},"end":{"line":10,"column":13}},"6":{"start":{"line":11,"column":8},"end":{"line":13,"column":3}},"7":{"start":{"line":12,"column":4},"end":{"line":12,"column":14}},"8":{"start":{"line":14,"column":2},"end":{"line":14,"column":19}},"9":{"start":{"line":17,"column":14},"end":{"line":17,"column":22}}},"fnMap":{"0":{"name":"sum","decl":{"start":{"line":1,"column":9},"end":{"line":1,"column":12}},"loc":{"start":{"line":1,"column":33},"end":{"line":6,"column":1}}},"1":{"name":"multiply","decl":{"start":{"line":8,"column":9},"end":{"line":8,"column":17}},"loc":{"start":{"line":8,"column":49},"end":{"line":15,"column":1}}}},"branchMap":{"0":{"loc":{"start":{"line":2,"column":2},"end":{"line":4,"column":3}},"type":"if","locations":[{"start":{"line":2,"column":2},"end":{"line":4,"column":3}}]},"1":{"loc":{"start":{"line":9,"column":2},"end":{"line":13,"column":3}},"type":"if","locations":[{"start":{"line":9,"column":2},"end":{"line":13,"column":3}},{"start":{"line":11,"column":8},"end":{"line":13,"column":3}}]},"2":{"loc":{"start":{"line":9,"column":5},"end":{"line":9,"column":16}},"type":"binary-expr","locations":[{"start":{"line":9,"column":5},"end":{"line":9,"column":9}},{"start":{"line":9,"column":13},"end":{"line":9,"column":16}}]},"3":{"loc":{"start":{"line":11,"column":8},"end":{"line":13,"column":3}},"type":"if","locations":[{"start":{"line":11,"column":8},"end":{"line":13,"column":3}}]}},"s":{"0":4,"1":4,"2":0,"3":1,"4":16,"5":0,"6":16,"7":16,"8":0,"9":1},"f":{"0":4,"1":16},"b":{"0":[4],"1":[0,16],"2":[16,0],"3":[16]}}
}
